<?xml version="1.0" encoding="UTF-8"?>
<!-- Generated by org.testng.reporters.JUnitReportReporter -->
<testsuite skipped="0" hostname="DESKTOP-G3MM6T7" name="restAssuredCategoryApiTests.Get_Categories_Api_Tests" tests="4" failures="0" timestamp="29 Jul 2019 11:54:42 GMT" time="0.284" errors="0">
  <testcase name="testGetCategoriesListWithLimitAndSkip" time="0.071" classname="restAssuredCategoryApiTests.Get_Categories_Api_Tests"/>
  <testcase name="testGetCategoriesListWithSkip" time="0.054" classname="restAssuredCategoryApiTests.Get_Categories_Api_Tests"/>
  <testcase name="testGetCategoriesListWithLimit" time="0.065" classname="restAssuredCategoryApiTests.Get_Categories_Api_Tests"/>
  <testcase name="testGetCategoriesList" time="0.094" classname="restAssuredCategoryApiTests.Get_Categories_Api_Tests"/>
</testsuite> <!-- restAssuredCategoryApiTests.Get_Categories_Api_Tests -->
