<?xml version="1.0" encoding="UTF-8"?>
<!-- Generated by org.testng.reporters.JUnitReportReporter -->
<testsuite skipped="0" hostname="DESKTOP-G3MM6T7" name="restAssuredStoreApiTests.Get_Stores_Api_Tests" tests="4" failures="0" timestamp="29 Jul 2019 11:54:42 GMT" time="2.601" errors="0">
  <testcase name="testGetStoresList" time="1.696" classname="restAssuredStoreApiTests.Get_Stores_Api_Tests"/>
  <testcase name="testGetStoresListWithLimitAndSkip" time="0.130" classname="restAssuredStoreApiTests.Get_Stores_Api_Tests"/>
  <testcase name="testGetStoresListWithLimit" time="0.614" classname="restAssuredStoreApiTests.Get_Stores_Api_Tests"/>
  <testcase name="testGetStoresListWithSkip" time="0.161" classname="restAssuredStoreApiTests.Get_Stores_Api_Tests"/>
</testsuite> <!-- restAssuredStoreApiTests.Get_Stores_Api_Tests -->
