<?xml version="1.0" encoding="UTF-8"?>
<!-- Generated by org.testng.reporters.JUnitReportReporter -->
<testsuite skipped="0" hostname="DESKTOP-G3MM6T7" name="restAssuredStoreApiTests.Post_Stores_Api_Tests" tests="1" failures="0" timestamp="29 Jul 2019 11:54:42 GMT" time="0.161" errors="0">
  <testcase name="testPostStoreDataApi" time="0.161" classname="restAssuredStoreApiTests.Post_Stores_Api_Tests"/>
</testsuite> <!-- restAssuredStoreApiTests.Post_Stores_Api_Tests -->
