<?xml version="1.0" encoding="UTF-8"?>
<!-- Generated by org.testng.reporters.JUnitReportReporter -->
<testsuite skipped="0" hostname="DESKTOP-G3MM6T7" name="restAssuredServiceApiTests.Patch_Service_With_Id_Api_Tests" tests="1" failures="0" timestamp="29 Jul 2019 12:19:58 GMT" time="0.074" errors="0">
  <testcase name="testUpdateServicesWithIdApi" time="0.074" classname="restAssuredServiceApiTests.Patch_Service_With_Id_Api_Tests"/>
</testsuite> <!-- restAssuredServiceApiTests.Patch_Service_With_Id_Api_Tests -->
