<?xml version="1.0" encoding="UTF-8"?>
<!-- Generated by org.testng.reporters.JUnitReportReporter -->
<testsuite skipped="0" hostname="DESKTOP-G3MM6T7" name="restAssuredStoreApiTests.Get_Store_With_Id_Api_Tests" tests="1" failures="0" timestamp="29 Jul 2019 11:54:42 GMT" time="0.096" errors="0">
  <testcase name="testGetStoreWithIdApi" time="0.096" classname="restAssuredStoreApiTests.Get_Store_With_Id_Api_Tests"/>
</testsuite> <!-- restAssuredStoreApiTests.Get_Store_With_Id_Api_Tests -->
