<?xml version="1.0" encoding="UTF-8"?>
<!-- Generated by org.testng.reporters.JUnitReportReporter -->
<testsuite skipped="0" hostname="DESKTOP-G3MM6T7" name="restAssuredProductApiTests.Post_Products_Api_Tests" tests="1" failures="0" timestamp="29 Jul 2019 12:19:58 GMT" time="0.172" errors="0">
  <testcase name="testPostProductDataApi" time="0.172" classname="restAssuredProductApiTests.Post_Products_Api_Tests"/>
</testsuite> <!-- restAssuredProductApiTests.Post_Products_Api_Tests -->
