<?xml version="1.0" encoding="UTF-8"?>
<!-- Generated by org.testng.reporters.JUnitReportReporter -->
<testsuite skipped="0" hostname="DESKTOP-G3MM6T7" name="restAssuredProductApiTests.Get_Products_Api_Tests" tests="4" failures="0" timestamp="29 Jul 2019 12:19:58 GMT" time="1.482" errors="0">
  <testcase name="testGetProductsListWithLimitAndSkip" time="0.316" classname="restAssuredProductApiTests.Get_Products_Api_Tests"/>
  <testcase name="testGetProductsList" time="0.577" classname="restAssuredProductApiTests.Get_Products_Api_Tests"/>
  <testcase name="testGetProductsListWithLimit" time="0.296" classname="restAssuredProductApiTests.Get_Products_Api_Tests"/>
  <testcase name="testGetProductsListWithSkip" time="0.293" classname="restAssuredProductApiTests.Get_Products_Api_Tests"/>
</testsuite> <!-- restAssuredProductApiTests.Get_Products_Api_Tests -->
