<?xml version="1.0" encoding="UTF-8"?>
<!-- Generated by org.testng.reporters.JUnitReportReporter -->
<testsuite skipped="0" hostname="DESKTOP-G3MM6T7" name="restAssuredServiceApiTests.Delete_Services_Api_Tests" tests="1" failures="0" timestamp="29 Jul 2019 12:19:58 GMT" time="0.057" errors="0">
  <testcase name="testDeleteServiceApi" time="0.057" classname="restAssuredServiceApiTests.Delete_Services_Api_Tests"/>
</testsuite> <!-- restAssuredServiceApiTests.Delete_Services_Api_Tests -->
