<?xml version="1.0" encoding="UTF-8"?>
<!-- Generated by org.testng.reporters.JUnitReportReporter -->
<testsuite skipped="0" hostname="DESKTOP-G3MM6T7" name="restAssuredProductApiTests.Patch_Product_With_Id_Api_Tests" tests="1" failures="0" timestamp="29 Jul 2019 12:19:58 GMT" time="0.063" errors="0">
  <testcase name="testUpdateProductWithIdApi" time="0.063" classname="restAssuredProductApiTests.Patch_Product_With_Id_Api_Tests"/>
</testsuite> <!-- restAssuredProductApiTests.Patch_Product_With_Id_Api_Tests -->
