<?xml version="1.0" encoding="UTF-8"?>
<!-- Generated by org.testng.reporters.JUnitReportReporter -->
<testsuite skipped="0" hostname="DESKTOP-G3MM6T7" name="restAssuredServiceApiTests.Get_Services_Api_Tests" tests="4" failures="0" timestamp="29 Jul 2019 12:19:58 GMT" time="0.269" errors="0">
  <testcase name="testGetServicesListWithLimitAndSkip" time="0.063" classname="restAssuredServiceApiTests.Get_Services_Api_Tests"/>
  <testcase name="testGetServicesListWithLimit" time="0.084" classname="restAssuredServiceApiTests.Get_Services_Api_Tests"/>
  <testcase name="testGetServicesList" time="0.092" classname="restAssuredServiceApiTests.Get_Services_Api_Tests"/>
  <testcase name="testGetServicesListWithSkip" time="0.030" classname="restAssuredServiceApiTests.Get_Services_Api_Tests"/>
</testsuite> <!-- restAssuredServiceApiTests.Get_Services_Api_Tests -->
